[+] Containers:
 |- [+] Container: /Game/FirstPerson/Maps/FirstPersonMap
 |   |- [+] ActorDescs:
 |   |   |- Guid:0635C40649DD1B5B6E64B9B392558833 BaseClass: NativeClass:/Script/Engine.StaticMeshActor Name:StaticMeshActor_33 Label:SM_ChamferCube8 SpatiallyLoaded:1 Bounds:IsValid=true, Min=(X=2313.116 Y=1273.116 Z=0.063), Max=(X=2486.884 Y=1446.884 Z=150.063) RuntimeGrid:None EditorOnly:0 RuntimeOnly:0 HLODRelevant:0 ListedInSceneOutliner:1 IsMainWorldOnly:0 FolderPath:SimulatedCubes FolderGuid:3E37B3AC41F495FF33672D878D9DD948
 |   |   |- Guid:13F40C7241F9A80D3E971DBC21FCAFB0 BaseClass: NativeClass:/Script/Engine.SkyAtmosphere Name:SkyAtmosphere_0 Label:SkyAtmosphere SpatiallyLoaded:0 Bounds:IsValid=true, Min=(X=0.000 Y=0.000 Z=1020.000), Max=(X=0.000 Y=0.000 Z=1020.000) RuntimeGrid:None EditorOnly:0 RuntimeOnly:0 HLODRelevant:0 ListedInSceneOutliner:1 IsMainWorldOnly:0 FolderPath:Lighting FolderGuid:D9E1224C415FCB205E4105B3245ADAAB
 |   |   |- Guid:16ED739D4160B0315F9149963D1D3D52 BaseClass: NativeClass:/Script/Engine.StaticMeshActor Name:StaticMeshActor_5 Label:SM_Ramp2 SpatiallyLoaded:1 Bounds:IsValid=true, Min=(X=1945.000 Y=400.000 Z=0.000), Max=(X=2345.000 Y=600.000 Z=100.000) RuntimeGrid:None EditorOnly:0 RuntimeOnly:0 HLODRelevant:1 ListedInSceneOutliner:1 IsMainWorldOnly:0 FolderPath:Block01 FolderGuid:3EF5C57D40A467440F5F0D9398D8AC70
 |   |   |- Guid:22C4F1724348A3818BBA0A939CA01B63 BaseClass: NativeClass:/Script/Engine.WorldDataLayers Name:WorldDataLayers Label:WorldDataLayers-1 SpatiallyLoaded:0 Bounds:IsValid=true, Min=(X=0.000 Y=0.000 Z=0.000), Max=(X=0.000 Y=0.000 Z=0.000) RuntimeGrid:None EditorOnly:0 RuntimeOnly:0 HLODRelevant:0 ListedInSceneOutliner:1 IsMainWorldOnly:1
 |   |   |- Guid:266836F144FA2767EA2991A084FC7C51 BaseClass: NativeClass:/Script/Engine.StaticMeshActor Name:StaticMeshActor_8 Label:SM_Cube6 SpatiallyLoaded:1 Bounds:IsValid=true, Min=(X=2900.000 Y=100.000 Z=0.000), Max=(X=3000.000 Y=3400.000 Z=400.000) RuntimeGrid:None EditorOnly:0 RuntimeOnly:0 HLODRelevant:1 ListedInSceneOutliner:1 IsMainWorldOnly:0 FolderPath:Playground FolderGuid:CDC3EA2D424DF73175D386948543BF31
 |   |   |- Guid:27E6C605415908F1A2EE54974FAF1E36 BaseClass: NativeClass:/Script/Engine.StaticMeshActor Name:StaticMeshActor_11 Label:SM_Ramp3 SpatiallyLoaded:1 Bounds:IsValid=true, Min=(X=2345.000 Y=600.000 Z=100.000), Max=(X=2545.000 Y=1000.000 Z=200.000) RuntimeGrid:None EditorOnly:0 RuntimeOnly:0 HLODRelevant:1 ListedInSceneOutliner:1 IsMainWorldOnly:0 FolderPath:Block01 FolderGuid:3EF5C57D40A467440F5F0D9398D8AC70
 |   |   |- Guid:3489C7084EE4BD8E69E926B3AC06AB48 BaseClass:/Game/TaskTriggerActor.TaskTriggerActor_C NativeClass:/Script/Engine.Actor Name:TaskGiverComponent_C_UAID_FC3497E10D811EEC01_1715575655 Label:TaskGiverComponent SpatiallyLoaded:1 Bounds:IsValid=true, Min=(X=1677.067 Y=1030.710 Z=-12.508), Max=(X=1741.067 Y=1094.710 Z=51.492) RuntimeGrid:None EditorOnly:0 RuntimeOnly:0 HLODRelevant:0 ListedInSceneOutliner:1 IsMainWorldOnly:0
 |   |   |- Guid:3E03AECD492F372DF0EF1FA189C1DEDA BaseClass: NativeClass:/Script/Engine.StaticMeshActor Name:StaticMeshActor_12 Label:SM_Cube10 SpatiallyLoaded:1 Bounds:IsValid=true, Min=(X=2345.000 Y=1000.000 Z=100.000), Max=(X=2545.000 Y=1100.000 Z=200.000) RuntimeGrid:None EditorOnly:0 RuntimeOnly:0 HLODRelevant:1 ListedInSceneOutliner:1 IsMainWorldOnly:0 FolderPath:Block01 FolderGuid:3EF5C57D40A467440F5F0D9398D8AC70
 |   |   |- Guid:52E74DF94E9EECAF9464C1BCB5227CCC BaseClass: NativeClass:/Script/Engine.StaticMeshActor Name:StaticMeshActor_3 Label:SM_Cube3 SpatiallyLoaded:1 Bounds:IsValid=true, Min=(X=0.000 Y=3400.000 Z=0.000), Max=(X=3000.000 Y=3500.000 Z=400.000) RuntimeGrid:None EditorOnly:0 RuntimeOnly:0 HLODRelevant:1 ListedInSceneOutliner:1 IsMainWorldOnly:0 FolderPath:Playground FolderGuid:CDC3EA2D424DF73175D386948543BF31
 |   |   |- Guid:616554B84D9AF28DF69ABD8837FD26D7 BaseClass: NativeClass:/Script/Engine.ExponentialHeightFog Name:ExponentialHeightFog_0 Label:ExponentialHeightFog SpatiallyLoaded:0 Bounds:IsValid=true, Min=(X=-5600.000 Y=-50.000 Z=-6850.000), Max=(X=-5600.000 Y=-50.000 Z=-6850.000) RuntimeGrid:None EditorOnly:0 RuntimeOnly:0 HLODRelevant:0 ListedInSceneOutliner:1 IsMainWorldOnly:0 FolderPath:Lighting FolderGuid:D9E1224C415FCB205E4105B3245ADAAB
 |   |   |- Guid:63A84EA944945A8BF01D4A94FDD5C8E4 BaseClass: NativeClass:/Script/Engine.StaticMeshActor Name:StaticMeshActor_10 Label:SM_Cube9 SpatiallyLoaded:1 Bounds:IsValid=true, Min=(X=2345.000 Y=400.000 Z=0.000), Max=(X=2545.000 Y=1100.000 Z=100.000) RuntimeGrid:None EditorOnly:0 RuntimeOnly:0 HLODRelevant:1 ListedInSceneOutliner:1 IsMainWorldOnly:0 FolderPath:Block01 FolderGuid:3EF5C57D40A467440F5F0D9398D8AC70
 |   |   |- Guid:6456ADDD428A590141FABFB9484712AA BaseClass: NativeClass:/Script/Engine.PostProcessVolume Name:PostProcessVolume_0 Label:PostProcessVolume SpatiallyLoaded:0 Bounds:IsValid=true, Min=(X=0.000 Y=0.000 Z=400.000), Max=(X=200.000 Y=200.000 Z=600.000) RuntimeGrid:None EditorOnly:0 RuntimeOnly:0 HLODRelevant:0 ListedInSceneOutliner:1 IsMainWorldOnly:0 FolderPath:Lighting FolderGuid:D9E1224C415FCB205E4105B3245ADAAB
 |   |   |- Guid:6E993B3B4CEE69ECE20B12ADC65A030F BaseClass:/Game/NPCTaskGiver.NPCTaskGiver_C NativeClass:/Script/Engine.Character Name:NPCTaskGiver_C_UAID_FC3497E10D8123EC01_1327416536 Label:NPCTaskGiver SpatiallyLoaded:1 Bounds:IsValid=true, Min=(X=1126.000 Y=340.638 Z=0.000), Max=(X=1199.714 Y=462.522 Z=176.000) RuntimeGrid:None EditorOnly:0 RuntimeOnly:0 HLODRelevant:0 ListedInSceneOutliner:1 IsMainWorldOnly:0
 |   |   |- Guid:75854521468783C291995A8EFCB63F1B BaseClass: NativeClass:/Script/Engine.StaticMeshActor Name:StaticMeshActor_7 Label:SM_Cube5 SpatiallyLoaded:1 Bounds:IsValid=true, Min=(X=-0.000 Y=100.000 Z=0.000), Max=(X=100.000 Y=3400.000 Z=400.000) RuntimeGrid:None EditorOnly:0 RuntimeOnly:0 HLODRelevant:1 ListedInSceneOutliner:1 IsMainWorldOnly:0 FolderPath:Playground FolderGuid:CDC3EA2D424DF73175D386948543BF31
 |   |   |- Guid:7A699BF944F9DAC273FB4FAD2236D7F8 BaseClass: NativeClass:/Script/Engine.SkyLight Name:SkyLight_0 Label:SkyLight SpatiallyLoaded:0 Bounds:IsValid=true, Min=(X=0.000 Y=0.000 Z=690.000), Max=(X=0.000 Y=0.000 Z=690.000) RuntimeGrid:None EditorOnly:0 RuntimeOnly:0 HLODRelevant:0 ListedInSceneOutliner:1 IsMainWorldOnly:0 FolderPath:Lighting FolderGuid:D9E1224C415FCB205E4105B3245ADAAB
 |   |   |- Guid:97FF78FB4EC8F13EF6751DB180B1CE46 BaseClass: NativeClass:/Script/Engine.DirectionalLight Name:DirectionalLight_0 Label:DirectionalLight SpatiallyLoaded:0 Bounds:IsValid=true, Min=(X=-1048576.000 Y=-1048576.000 Z=-1048576.000), Max=(X=1048576.000 Y=1048576.000 Z=1048576.000) RuntimeGrid:None EditorOnly:0 RuntimeOnly:0 HLODRelevant:0 ListedInSceneOutliner:1 IsMainWorldOnly:0 FolderPath:Lighting FolderGuid:D9E1224C415FCB205E4105B3245ADAAB
 |   |   |- Guid:9B4A79B644F54A33C8FE0CBBA4859949 BaseClass: NativeClass:/Script/Engine.StaticMeshActor Name:StaticMeshActor_4 Label:SM_Cube4 SpatiallyLoaded:1 Bounds:IsValid=true, Min=(X=1745.000 Y=600.000 Z=0.000), Max=(X=2345.000 Y=1100.000 Z=200.000) RuntimeGrid:None EditorOnly:0 RuntimeOnly:0 HLODRelevant:1 ListedInSceneOutliner:1 IsMainWorldOnly:0 FolderPath:Block01 FolderGuid:3EF5C57D40A467440F5F0D9398D8AC70
 |   |   |- Guid:9FC0E5A04B5C426BD8398396952183D3 BaseClass: NativeClass:/Script/Engine.StaticMeshActor Name:StaticMeshActor_0 Label:SM_Cube SpatiallyLoaded:1 Bounds:IsValid=true, Min=(X=0.000 Y=0.000 Z=-50.000), Max=(X=3000.000 Y=3500.000 Z=0.000) RuntimeGrid:None EditorOnly:0 RuntimeOnly:0 HLODRelevant:1 ListedInSceneOutliner:1 IsMainWorldOnly:0 FolderPath:Playground FolderGuid:CDC3EA2D424DF73175D386948543BF31
 |   |   |- Guid:A193674B480A39A47551D39FB4DFCD99 BaseClass: NativeClass:/Script/Engine.StaticMeshActor Name:StaticMeshActor_UAID_A4AE111137DC5FFB00_1159438599 Label:SM_SkySphere SpatiallyLoaded:0 Bounds:IsValid=true, Min=(X=-1638400.000 Y=-1638400.000 Z=-1638400.000), Max=(X=1638400.000 Y=1638400.000 Z=1638400.000) RuntimeGrid:None EditorOnly:0 RuntimeOnly:0 HLODRelevant:1 ListedInSceneOutliner:1 IsMainWorldOnly:0 FolderPath:Lighting FolderGuid:D9E1224C415FCB205E4105B3245ADAAB
 |   |   |- Guid:A5FCDC664219DC8AAD6D739ADEF9C627 BaseClass: NativeClass:/Script/Engine.PlayerStart Name:PlayerStart_0 Label:PlayerStart SpatiallyLoaded:0 Bounds:IsValid=true, Min=(X=860.000 Y=810.000 Z=0.013), Max=(X=940.000 Y=890.000 Z=184.013) RuntimeGrid:None EditorOnly:0 RuntimeOnly:0 HLODRelevant:0 ListedInSceneOutliner:1 IsMainWorldOnly:0
 |   |   |- Guid:B326783D46A6A43F55CCC9AB2A4C1863 BaseClass: NativeClass:/Script/Engine.VolumetricCloud Name:VolumetricCloud_0 Label:VolumetricCloud SpatiallyLoaded:0 Bounds:IsValid=true, Min=(X=0.000 Y=0.000 Z=820.000), Max=(X=0.000 Y=0.000 Z=820.000) RuntimeGrid:None EditorOnly:0 RuntimeOnly:0 HLODRelevant:0 ListedInSceneOutliner:1 IsMainWorldOnly:0 FolderPath:Lighting FolderGuid:D9E1224C415FCB205E4105B3245ADAAB
 |   |   |- Guid:C83193A44B35A6269065368937C6CA58 BaseClass: NativeClass:/Script/Engine.StaticMeshActor Name:StaticMeshActor_24 Label:SM_ChamferCube4 SpatiallyLoaded:1 Bounds:IsValid=true, Min=(X=334.338 Y=334.338 Z=0.063), Max=(X=545.662 Y=545.662 Z=150.063) RuntimeGrid:None EditorOnly:0 RuntimeOnly:0 HLODRelevant:0 ListedInSceneOutliner:1 IsMainWorldOnly:0 FolderPath:SimulatedCubes FolderGuid:3E37B3AC41F495FF33672D878D9DD948
 |   |   |- Guid:CDC290334FAA2557343A1181CA8C7F4B BaseClass: NativeClass:/Script/Engine.StaticMeshActor Name:StaticMeshActor_2 Label:SM_Cube2 SpatiallyLoaded:1 Bounds:IsValid=true, Min=(X=0.000 Y=0.000 Z=0.000), Max=(X=3000.000 Y=100.000 Z=400.000) RuntimeGrid:None EditorOnly:0 RuntimeOnly:0 HLODRelevant:1 ListedInSceneOutliner:1 IsMainWorldOnly:0 FolderPath:Playground FolderGuid:CDC3EA2D424DF73175D386948543BF31
 |   |   |- Guid:EF151180445C0B3F37588580CC840D1D BaseClass: NativeClass:/Script/Engine.StaticMeshActor Name:StaticMeshActor_45 Label:SM_ChamferCube17 SpatiallyLoaded:1 Bounds:IsValid=true, Min=(X=364.319 Y=1244.901 Z=0.013), Max=(X=492.491 Y=1373.073 Z=100.013) RuntimeGrid:None EditorOnly:0 RuntimeOnly:0 HLODRelevant:0 ListedInSceneOutliner:1 IsMainWorldOnly:0 FolderPath:SimulatedCubes FolderGuid:3E37B3AC41F495FF33672D878D9DD948
 |   |   |- Guid:F62CEDB64522DF69765B7B946F362AAA BaseClass:/Game/FirstPerson/Blueprints/BP_PickUp_Rifle.BP_PickUp_Rifle_C NativeClass:/Script/Engine.Actor Name:BP_Rifle_C_UAID_B42E9936F5422D3B01_1556789383 Label:BP_Pickup_Rifle SpatiallyLoaded:1 Bounds:IsValid=true, Min=(X=1518.000 Y=808.000 Z=28.000), Max=(X=1582.000 Y=897.440 Z=92.000) RuntimeGrid:None EditorOnly:0 RuntimeOnly:0 HLODRelevant:0 ListedInSceneOutliner:1 IsMainWorldOnly:0
 |   |- [+] Clusters:
 |   |   |- [+] [  0]
 |   |   |   |- Guid:0635C40649DD1B5B6E64B9B392558833 BaseClass: NativeClass:/Script/Engine.StaticMeshActor Name:StaticMeshActor_33 Label:SM_ChamferCube8 SpatiallyLoaded:1 Bounds:IsValid=true, Min=(X=2313.116 Y=1273.116 Z=0.063), Max=(X=2486.884 Y=1446.884 Z=150.063) RuntimeGrid:None EditorOnly:0 RuntimeOnly:0 HLODRelevant:0 ListedInSceneOutliner:1 IsMainWorldOnly:0 FolderPath:SimulatedCubes FolderGuid:3E37B3AC41F495FF33672D878D9DD948
 |   |   |- [+] [  1]
 |   |   |   |- Guid:13F40C7241F9A80D3E971DBC21FCAFB0 BaseClass: NativeClass:/Script/Engine.SkyAtmosphere Name:SkyAtmosphere_0 Label:SkyAtmosphere SpatiallyLoaded:0 Bounds:IsValid=true, Min=(X=0.000 Y=0.000 Z=1020.000), Max=(X=0.000 Y=0.000 Z=1020.000) RuntimeGrid:None EditorOnly:0 RuntimeOnly:0 HLODRelevant:0 ListedInSceneOutliner:1 IsMainWorldOnly:0 FolderPath:Lighting FolderGuid:D9E1224C415FCB205E4105B3245ADAAB
 |   |   |- [+] [  2]
 |   |   |   |- Guid:16ED739D4160B0315F9149963D1D3D52 BaseClass: NativeClass:/Script/Engine.StaticMeshActor Name:StaticMeshActor_5 Label:SM_Ramp2 SpatiallyLoaded:1 Bounds:IsValid=true, Min=(X=1945.000 Y=400.000 Z=0.000), Max=(X=2345.000 Y=600.000 Z=100.000) RuntimeGrid:None EditorOnly:0 RuntimeOnly:0 HLODRelevant:1 ListedInSceneOutliner:1 IsMainWorldOnly:0 FolderPath:Block01 FolderGuid:3EF5C57D40A467440F5F0D9398D8AC70
 |   |   |- [+] [  3]
 |   |   |   |- Guid:22C4F1724348A3818BBA0A939CA01B63 BaseClass: NativeClass:/Script/Engine.WorldDataLayers Name:WorldDataLayers Label:WorldDataLayers-1 SpatiallyLoaded:0 Bounds:IsValid=true, Min=(X=0.000 Y=0.000 Z=0.000), Max=(X=0.000 Y=0.000 Z=0.000) RuntimeGrid:None EditorOnly:0 RuntimeOnly:0 HLODRelevant:0 ListedInSceneOutliner:1 IsMainWorldOnly:1
 |   |   |- [+] [  4]
 |   |   |   |- Guid:266836F144FA2767EA2991A084FC7C51 BaseClass: NativeClass:/Script/Engine.StaticMeshActor Name:StaticMeshActor_8 Label:SM_Cube6 SpatiallyLoaded:1 Bounds:IsValid=true, Min=(X=2900.000 Y=100.000 Z=0.000), Max=(X=3000.000 Y=3400.000 Z=400.000) RuntimeGrid:None EditorOnly:0 RuntimeOnly:0 HLODRelevant:1 ListedInSceneOutliner:1 IsMainWorldOnly:0 FolderPath:Playground FolderGuid:CDC3EA2D424DF73175D386948543BF31
 |   |   |- [+] [  5]
 |   |   |   |- Guid:27E6C605415908F1A2EE54974FAF1E36 BaseClass: NativeClass:/Script/Engine.StaticMeshActor Name:StaticMeshActor_11 Label:SM_Ramp3 SpatiallyLoaded:1 Bounds:IsValid=true, Min=(X=2345.000 Y=600.000 Z=100.000), Max=(X=2545.000 Y=1000.000 Z=200.000) RuntimeGrid:None EditorOnly:0 RuntimeOnly:0 HLODRelevant:1 ListedInSceneOutliner:1 IsMainWorldOnly:0 FolderPath:Block01 FolderGuid:3EF5C57D40A467440F5F0D9398D8AC70
 |   |   |- [+] [  6]
 |   |   |   |- Guid:3489C7084EE4BD8E69E926B3AC06AB48 BaseClass:/Game/TaskTriggerActor.TaskTriggerActor_C NativeClass:/Script/Engine.Actor Name:TaskGiverComponent_C_UAID_FC3497E10D811EEC01_1715575655 Label:TaskGiverComponent SpatiallyLoaded:1 Bounds:IsValid=true, Min=(X=1677.067 Y=1030.710 Z=-12.508), Max=(X=1741.067 Y=1094.710 Z=51.492) RuntimeGrid:None EditorOnly:0 RuntimeOnly:0 HLODRelevant:0 ListedInSceneOutliner:1 IsMainWorldOnly:0
 |   |   |- [+] [  7]
 |   |   |   |- Guid:3E03AECD492F372DF0EF1FA189C1DEDA BaseClass: NativeClass:/Script/Engine.StaticMeshActor Name:StaticMeshActor_12 Label:SM_Cube10 SpatiallyLoaded:1 Bounds:IsValid=true, Min=(X=2345.000 Y=1000.000 Z=100.000), Max=(X=2545.000 Y=1100.000 Z=200.000) RuntimeGrid:None EditorOnly:0 RuntimeOnly:0 HLODRelevant:1 ListedInSceneOutliner:1 IsMainWorldOnly:0 FolderPath:Block01 FolderGuid:3EF5C57D40A467440F5F0D9398D8AC70
 |   |   |- [+] [  8]
 |   |   |   |- Guid:52E74DF94E9EECAF9464C1BCB5227CCC BaseClass: NativeClass:/Script/Engine.StaticMeshActor Name:StaticMeshActor_3 Label:SM_Cube3 SpatiallyLoaded:1 Bounds:IsValid=true, Min=(X=0.000 Y=3400.000 Z=0.000), Max=(X=3000.000 Y=3500.000 Z=400.000) RuntimeGrid:None EditorOnly:0 RuntimeOnly:0 HLODRelevant:1 ListedInSceneOutliner:1 IsMainWorldOnly:0 FolderPath:Playground FolderGuid:CDC3EA2D424DF73175D386948543BF31
 |   |   |- [+] [  9]
 |   |   |   |- Guid:616554B84D9AF28DF69ABD8837FD26D7 BaseClass: NativeClass:/Script/Engine.ExponentialHeightFog Name:ExponentialHeightFog_0 Label:ExponentialHeightFog SpatiallyLoaded:0 Bounds:IsValid=true, Min=(X=-5600.000 Y=-50.000 Z=-6850.000), Max=(X=-5600.000 Y=-50.000 Z=-6850.000) RuntimeGrid:None EditorOnly:0 RuntimeOnly:0 HLODRelevant:0 ListedInSceneOutliner:1 IsMainWorldOnly:0 FolderPath:Lighting FolderGuid:D9E1224C415FCB205E4105B3245ADAAB
 |   |   |- [+] [ 10]
 |   |   |   |- Guid:63A84EA944945A8BF01D4A94FDD5C8E4 BaseClass: NativeClass:/Script/Engine.StaticMeshActor Name:StaticMeshActor_10 Label:SM_Cube9 SpatiallyLoaded:1 Bounds:IsValid=true, Min=(X=2345.000 Y=400.000 Z=0.000), Max=(X=2545.000 Y=1100.000 Z=100.000) RuntimeGrid:None EditorOnly:0 RuntimeOnly:0 HLODRelevant:1 ListedInSceneOutliner:1 IsMainWorldOnly:0 FolderPath:Block01 FolderGuid:3EF5C57D40A467440F5F0D9398D8AC70
 |   |   |- [+] [ 11]
 |   |   |   |- Guid:6456ADDD428A590141FABFB9484712AA BaseClass: NativeClass:/Script/Engine.PostProcessVolume Name:PostProcessVolume_0 Label:PostProcessVolume SpatiallyLoaded:0 Bounds:IsValid=true, Min=(X=0.000 Y=0.000 Z=400.000), Max=(X=200.000 Y=200.000 Z=600.000) RuntimeGrid:None EditorOnly:0 RuntimeOnly:0 HLODRelevant:0 ListedInSceneOutliner:1 IsMainWorldOnly:0 FolderPath:Lighting FolderGuid:D9E1224C415FCB205E4105B3245ADAAB
 |   |   |- [+] [ 12]
 |   |   |   |- Guid:6E993B3B4CEE69ECE20B12ADC65A030F BaseClass:/Game/NPCTaskGiver.NPCTaskGiver_C NativeClass:/Script/Engine.Character Name:NPCTaskGiver_C_UAID_FC3497E10D8123EC01_1327416536 Label:NPCTaskGiver SpatiallyLoaded:1 Bounds:IsValid=true, Min=(X=1126.000 Y=340.638 Z=0.000), Max=(X=1199.714 Y=462.522 Z=176.000) RuntimeGrid:None EditorOnly:0 RuntimeOnly:0 HLODRelevant:0 ListedInSceneOutliner:1 IsMainWorldOnly:0
 |   |   |- [+] [ 13]
 |   |   |   |- Guid:75854521468783C291995A8EFCB63F1B BaseClass: NativeClass:/Script/Engine.StaticMeshActor Name:StaticMeshActor_7 Label:SM_Cube5 SpatiallyLoaded:1 Bounds:IsValid=true, Min=(X=-0.000 Y=100.000 Z=0.000), Max=(X=100.000 Y=3400.000 Z=400.000) RuntimeGrid:None EditorOnly:0 RuntimeOnly:0 HLODRelevant:1 ListedInSceneOutliner:1 IsMainWorldOnly:0 FolderPath:Playground FolderGuid:CDC3EA2D424DF73175D386948543BF31
 |   |   |- [+] [ 14]
 |   |   |   |- Guid:7A699BF944F9DAC273FB4FAD2236D7F8 BaseClass: NativeClass:/Script/Engine.SkyLight Name:SkyLight_0 Label:SkyLight SpatiallyLoaded:0 Bounds:IsValid=true, Min=(X=0.000 Y=0.000 Z=690.000), Max=(X=0.000 Y=0.000 Z=690.000) RuntimeGrid:None EditorOnly:0 RuntimeOnly:0 HLODRelevant:0 ListedInSceneOutliner:1 IsMainWorldOnly:0 FolderPath:Lighting FolderGuid:D9E1224C415FCB205E4105B3245ADAAB
 |   |   |- [+] [ 15]
 |   |   |   |- Guid:97FF78FB4EC8F13EF6751DB180B1CE46 BaseClass: NativeClass:/Script/Engine.DirectionalLight Name:DirectionalLight_0 Label:DirectionalLight SpatiallyLoaded:0 Bounds:IsValid=true, Min=(X=-1048576.000 Y=-1048576.000 Z=-1048576.000), Max=(X=1048576.000 Y=1048576.000 Z=1048576.000) RuntimeGrid:None EditorOnly:0 RuntimeOnly:0 HLODRelevant:0 ListedInSceneOutliner:1 IsMainWorldOnly:0 FolderPath:Lighting FolderGuid:D9E1224C415FCB205E4105B3245ADAAB
 |   |   |- [+] [ 16]
 |   |   |   |- Guid:9B4A79B644F54A33C8FE0CBBA4859949 BaseClass: NativeClass:/Script/Engine.StaticMeshActor Name:StaticMeshActor_4 Label:SM_Cube4 SpatiallyLoaded:1 Bounds:IsValid=true, Min=(X=1745.000 Y=600.000 Z=0.000), Max=(X=2345.000 Y=1100.000 Z=200.000) RuntimeGrid:None EditorOnly:0 RuntimeOnly:0 HLODRelevant:1 ListedInSceneOutliner:1 IsMainWorldOnly:0 FolderPath:Block01 FolderGuid:3EF5C57D40A467440F5F0D9398D8AC70
 |   |   |- [+] [ 17]
 |   |   |   |- Guid:9FC0E5A04B5C426BD8398396952183D3 BaseClass: NativeClass:/Script/Engine.StaticMeshActor Name:StaticMeshActor_0 Label:SM_Cube SpatiallyLoaded:1 Bounds:IsValid=true, Min=(X=0.000 Y=0.000 Z=-50.000), Max=(X=3000.000 Y=3500.000 Z=0.000) RuntimeGrid:None EditorOnly:0 RuntimeOnly:0 HLODRelevant:1 ListedInSceneOutliner:1 IsMainWorldOnly:0 FolderPath:Playground FolderGuid:CDC3EA2D424DF73175D386948543BF31
 |   |   |- [+] [ 18]
 |   |   |   |- Guid:A193674B480A39A47551D39FB4DFCD99 BaseClass: NativeClass:/Script/Engine.StaticMeshActor Name:StaticMeshActor_UAID_A4AE111137DC5FFB00_1159438599 Label:SM_SkySphere SpatiallyLoaded:0 Bounds:IsValid=true, Min=(X=-1638400.000 Y=-1638400.000 Z=-1638400.000), Max=(X=1638400.000 Y=1638400.000 Z=1638400.000) RuntimeGrid:None EditorOnly:0 RuntimeOnly:0 HLODRelevant:1 ListedInSceneOutliner:1 IsMainWorldOnly:0 FolderPath:Lighting FolderGuid:D9E1224C415FCB205E4105B3245ADAAB
 |   |   |- [+] [ 19]
 |   |   |   |- Guid:A5FCDC664219DC8AAD6D739ADEF9C627 BaseClass: NativeClass:/Script/Engine.PlayerStart Name:PlayerStart_0 Label:PlayerStart SpatiallyLoaded:0 Bounds:IsValid=true, Min=(X=860.000 Y=810.000 Z=0.013), Max=(X=940.000 Y=890.000 Z=184.013) RuntimeGrid:None EditorOnly:0 RuntimeOnly:0 HLODRelevant:0 ListedInSceneOutliner:1 IsMainWorldOnly:0
 |   |   |- [+] [ 20]
 |   |   |   |- Guid:B326783D46A6A43F55CCC9AB2A4C1863 BaseClass: NativeClass:/Script/Engine.VolumetricCloud Name:VolumetricCloud_0 Label:VolumetricCloud SpatiallyLoaded:0 Bounds:IsValid=true, Min=(X=0.000 Y=0.000 Z=820.000), Max=(X=0.000 Y=0.000 Z=820.000) RuntimeGrid:None EditorOnly:0 RuntimeOnly:0 HLODRelevant:0 ListedInSceneOutliner:1 IsMainWorldOnly:0 FolderPath:Lighting FolderGuid:D9E1224C415FCB205E4105B3245ADAAB
 |   |   |- [+] [ 21]
 |   |   |   |- Guid:C83193A44B35A6269065368937C6CA58 BaseClass: NativeClass:/Script/Engine.StaticMeshActor Name:StaticMeshActor_24 Label:SM_ChamferCube4 SpatiallyLoaded:1 Bounds:IsValid=true, Min=(X=334.338 Y=334.338 Z=0.063), Max=(X=545.662 Y=545.662 Z=150.063) RuntimeGrid:None EditorOnly:0 RuntimeOnly:0 HLODRelevant:0 ListedInSceneOutliner:1 IsMainWorldOnly:0 FolderPath:SimulatedCubes FolderGuid:3E37B3AC41F495FF33672D878D9DD948
 |   |   |- [+] [ 22]
 |   |   |   |- Guid:CDC290334FAA2557343A1181CA8C7F4B BaseClass: NativeClass:/Script/Engine.StaticMeshActor Name:StaticMeshActor_2 Label:SM_Cube2 SpatiallyLoaded:1 Bounds:IsValid=true, Min=(X=0.000 Y=0.000 Z=0.000), Max=(X=3000.000 Y=100.000 Z=400.000) RuntimeGrid:None EditorOnly:0 RuntimeOnly:0 HLODRelevant:1 ListedInSceneOutliner:1 IsMainWorldOnly:0 FolderPath:Playground FolderGuid:CDC3EA2D424DF73175D386948543BF31
 |   |   |- [+] [ 23]
 |   |   |   |- Guid:EF151180445C0B3F37588580CC840D1D BaseClass: NativeClass:/Script/Engine.StaticMeshActor Name:StaticMeshActor_45 Label:SM_ChamferCube17 SpatiallyLoaded:1 Bounds:IsValid=true, Min=(X=364.319 Y=1244.901 Z=0.013), Max=(X=492.491 Y=1373.073 Z=100.013) RuntimeGrid:None EditorOnly:0 RuntimeOnly:0 HLODRelevant:0 ListedInSceneOutliner:1 IsMainWorldOnly:0 FolderPath:SimulatedCubes FolderGuid:3E37B3AC41F495FF33672D878D9DD948
 |   |   |- [+] [ 24]
 |   |   |   |- Guid:F62CEDB64522DF69765B7B946F362AAA BaseClass:/Game/FirstPerson/Blueprints/BP_PickUp_Rifle.BP_PickUp_Rifle_C NativeClass:/Script/Engine.Actor Name:BP_Rifle_C_UAID_B42E9936F5422D3B01_1556789383 Label:BP_Pickup_Rifle SpatiallyLoaded:1 Bounds:IsValid=true, Min=(X=1518.000 Y=808.000 Z=28.000), Max=(X=1582.000 Y=897.440 Z=92.000) RuntimeGrid:None EditorOnly:0 RuntimeOnly:0 HLODRelevant:0 ListedInSceneOutliner:1 IsMainWorldOnly:0
 |- ContainerInstances:
 |- [+] MainContainer:
 |   |-        ID: 00000000000000000000000000000000
 |   |-  ParentID: 00000000000000000000000000000000
 |   |-    Bounds: IsValid=false, Min=(X=0.000 Y=0.000 Z=0.000), Max=(X=0.000 Y=0.000 Z=0.000)
 |   |- Transform: 0.000000,0.000000,0.000000|0.000000,0.000000,-0.000000|1.000000,1.000000,1.000000
 |   |- Container: /Game/FirstPerson/Maps/FirstPersonMap
----------------------------------------------------------------------------------------------------------------
FirstPersonMap - Persistent Level
----------------------------------------------------------------------------------------------------------------
[+] Content of FirstPersonMap Persistent Level
 |- Always loaded Actor Count: 33 
 |- Actor Path: /Game/FirstPerson/Maps/UEDPIE_1_FirstPersonMap.FirstPersonMap:PersistentLevel.BP_Rifle_C_UAID_B42E9936F5422D3B01_1556789383
 |- Actor Package: /Game/FirstPerson/Maps/UEDPIE_1_FirstPersonMap_InstanceOf_/Game/__ExternalActors__/FirstPerson/Maps/FirstPersonMap/7/8K/0OLPBOSZCPU1X7E3PCLCGF
 |- Actor Path: /Game/FirstPerson/Maps/UEDPIE_1_FirstPersonMap.FirstPersonMap:PersistentLevel.Brush_0
 |- Actor Package: /Game/FirstPerson/Maps/UEDPIE_1_FirstPersonMap
 |- Actor Path: /Game/FirstPerson/Maps/UEDPIE_1_FirstPersonMap.FirstPersonMap:PersistentLevel.ChaosDebugDrawActor
 |- Actor Package: /Game/FirstPerson/Maps/UEDPIE_1_FirstPersonMap
 |- Actor Path: /Game/FirstPerson/Maps/UEDPIE_1_FirstPersonMap.FirstPersonMap:PersistentLevel.DefaultPhysicsVolume_0
 |- Actor Package: /Game/FirstPerson/Maps/UEDPIE_1_FirstPersonMap
 |- Actor Path: /Game/FirstPerson/Maps/UEDPIE_1_FirstPersonMap.FirstPersonMap:PersistentLevel.DirectionalLight_0
 |- Actor Package: /Game/FirstPerson/Maps/UEDPIE_1_FirstPersonMap_InstanceOf_/Game/__ExternalActors__/FirstPerson/Maps/FirstPersonMap/A/KU/12YG9I1QW2GU72MG8QQX1K
 |- Actor Path: /Game/FirstPerson/Maps/UEDPIE_1_FirstPersonMap.FirstPersonMap:PersistentLevel.ExponentialHeightFog_0
 |- Actor Package: /Game/FirstPerson/Maps/UEDPIE_1_FirstPersonMap_InstanceOf_/Game/__ExternalActors__/FirstPerson/Maps/FirstPersonMap/0/CL/381LM03PFI8AF9NED1SEV2
 |- Actor Path: /Game/FirstPerson/Maps/UEDPIE_1_FirstPersonMap.FirstPersonMap:PersistentLevel.FirstPersonMap_C_0
 |- Actor Package: /Game/FirstPerson/Maps/UEDPIE_1_FirstPersonMap
 |- Actor Path: /Game/FirstPerson/Maps/UEDPIE_1_FirstPersonMap.FirstPersonMap:PersistentLevel.GameplayDebuggerPlayerManager_0
 |- Actor Package: /Game/FirstPerson/Maps/UEDPIE_1_FirstPersonMap
 |- Actor Path: /Game/FirstPerson/Maps/UEDPIE_1_FirstPersonMap.FirstPersonMap:PersistentLevel.NPCTaskGiver_C_UAID_FC3497E10D8123EC01_1327416536
 |- Actor Package: /Game/FirstPerson/Maps/UEDPIE_1_FirstPersonMap_InstanceOf_/Game/__ExternalActors__/FirstPerson/Maps/FirstPersonMap/1/SF/6XZU8MWA3LLHI0OP02MMI4
 |- Actor Path: /Game/FirstPerson/Maps/UEDPIE_1_FirstPersonMap.FirstPersonMap:PersistentLevel.PlayerStart_0
 |- Actor Package: /Game/FirstPerson/Maps/UEDPIE_1_FirstPersonMap_InstanceOf_/Game/__ExternalActors__/FirstPerson/Maps/FirstPersonMap/8/Z7/W1SXRCM1KAKBJOIZDLHZ47
 |- Actor Path: /Game/FirstPerson/Maps/UEDPIE_1_FirstPersonMap.FirstPersonMap:PersistentLevel.PostProcessVolume_0
 |- Actor Package: /Game/FirstPerson/Maps/UEDPIE_1_FirstPersonMap_InstanceOf_/Game/__ExternalActors__/FirstPerson/Maps/FirstPersonMap/E/MX/R1GV431P5FDO08OFULRA01
 |- Actor Path: /Game/FirstPerson/Maps/UEDPIE_1_FirstPersonMap.FirstPersonMap:PersistentLevel.SkyAtmosphere_0
 |- Actor Package: /Game/FirstPerson/Maps/UEDPIE_1_FirstPersonMap_InstanceOf_/Game/__ExternalActors__/FirstPerson/Maps/FirstPersonMap/C/VO/VMN4G7K3NKKV6F8HTPHHDB
 |- Actor Path: /Game/FirstPerson/Maps/UEDPIE_1_FirstPersonMap.FirstPersonMap:PersistentLevel.SkyLight_0
 |- Actor Package: /Game/FirstPerson/Maps/UEDPIE_1_FirstPersonMap_InstanceOf_/Game/__ExternalActors__/FirstPerson/Maps/FirstPersonMap/6/0Z/5RQIHCZ9W3UXRGL4LTLQAK
 |- Actor Path: /Game/FirstPerson/Maps/UEDPIE_1_FirstPersonMap.FirstPersonMap:PersistentLevel.StaticMeshActor_0
 |- Actor Package: /Game/FirstPerson/Maps/UEDPIE_1_FirstPersonMap_InstanceOf_/Game/__ExternalActors__/FirstPerson/Maps/FirstPersonMap/7/L5/1ZJ54FMA0DAL3I2Q8RFAIB
 |- Actor Path: /Game/FirstPerson/Maps/UEDPIE_1_FirstPersonMap.FirstPersonMap:PersistentLevel.StaticMeshActor_2
 |- Actor Package: /Game/FirstPerson/Maps/UEDPIE_1_FirstPersonMap_InstanceOf_/Game/__ExternalActors__/FirstPerson/Maps/FirstPersonMap/7/I8/LH9T10MU22N3EEPTZ4GAFC
 |- Actor Path: /Game/FirstPerson/Maps/UEDPIE_1_FirstPersonMap.FirstPersonMap:PersistentLevel.StaticMeshActor_3
 |- Actor Package: /Game/FirstPerson/Maps/UEDPIE_1_FirstPersonMap_InstanceOf_/Game/__ExternalActors__/FirstPerson/Maps/FirstPersonMap/3/AI/0XWE3RNM2XQC0ST1KXG02O
 |- Actor Path: /Game/FirstPerson/Maps/UEDPIE_1_FirstPersonMap.FirstPersonMap:PersistentLevel.StaticMeshActor_4
 |- Actor Package: /Game/FirstPerson/Maps/UEDPIE_1_FirstPersonMap_InstanceOf_/Game/__ExternalActors__/FirstPerson/Maps/FirstPersonMap/6/AJ/2XZ3RUK0LFB63FVNQE7P5R
 |- Actor Path: /Game/FirstPerson/Maps/UEDPIE_1_FirstPersonMap.FirstPersonMap:PersistentLevel.StaticMeshActor_5
 |- Actor Package: /Game/FirstPerson/Maps/UEDPIE_1_FirstPersonMap_InstanceOf_/Game/__ExternalActors__/FirstPerson/Maps/FirstPersonMap/3/CP/XRLOR3HVYVHJA3N9PKGXZH
 |- Actor Path: /Game/FirstPerson/Maps/UEDPIE_1_FirstPersonMap.FirstPersonMap:PersistentLevel.StaticMeshActor_7
 |- Actor Package: /Game/FirstPerson/Maps/UEDPIE_1_FirstPersonMap_InstanceOf_/Game/__ExternalActors__/FirstPerson/Maps/FirstPersonMap/0/XV/VTAF5COFGLO9YT51MQCVTR
 |- Actor Path: /Game/FirstPerson/Maps/UEDPIE_1_FirstPersonMap.FirstPersonMap:PersistentLevel.StaticMeshActor_8
 |- Actor Package: /Game/FirstPerson/Maps/UEDPIE_1_FirstPersonMap_InstanceOf_/Game/__ExternalActors__/FirstPerson/Maps/FirstPersonMap/8/SZ/D1AHM62WL9TXSNPYQDXQMZ
 |- Actor Path: /Game/FirstPerson/Maps/UEDPIE_1_FirstPersonMap.FirstPersonMap:PersistentLevel.StaticMeshActor_10
 |- Actor Package: /Game/FirstPerson/Maps/UEDPIE_1_FirstPersonMap_InstanceOf_/Game/__ExternalActors__/FirstPerson/Maps/FirstPersonMap/A/XJ/HL558UUAGCS9HVVOI0S7PX
 |- Actor Path: /Game/FirstPerson/Maps/UEDPIE_1_FirstPersonMap.FirstPersonMap:PersistentLevel.StaticMeshActor_11
 |- Actor Package: /Game/FirstPerson/Maps/UEDPIE_1_FirstPersonMap_InstanceOf_/Game/__ExternalActors__/FirstPerson/Maps/FirstPersonMap/6/7T/GM0EQ2Z7BN3RV91M3TA1BD
 |- Actor Path: /Game/FirstPerson/Maps/UEDPIE_1_FirstPersonMap.FirstPersonMap:PersistentLevel.StaticMeshActor_12
 |- Actor Package: /Game/FirstPerson/Maps/UEDPIE_1_FirstPersonMap_InstanceOf_/Game/__ExternalActors__/FirstPerson/Maps/FirstPersonMap/1/63/MG6FOV6QQX2CAZCGF7O9MM
 |- Actor Path: /Game/FirstPerson/Maps/UEDPIE_1_FirstPersonMap.FirstPersonMap:PersistentLevel.StaticMeshActor_24
 |- Actor Package: /Game/FirstPerson/Maps/UEDPIE_1_FirstPersonMap_InstanceOf_/Game/__ExternalActors__/FirstPerson/Maps/FirstPersonMap/4/PT/ZXUQMNLL9GZ2UNQ5D0R4A4
 |- Actor Path: /Game/FirstPerson/Maps/UEDPIE_1_FirstPersonMap.FirstPersonMap:PersistentLevel.StaticMeshActor_33
 |- Actor Package: /Game/FirstPerson/Maps/UEDPIE_1_FirstPersonMap_InstanceOf_/Game/__ExternalActors__/FirstPerson/Maps/FirstPersonMap/5/DI/1JZHHCOBVQ2F5XRUWSES1X
 |- Actor Path: /Game/FirstPerson/Maps/UEDPIE_1_FirstPersonMap.FirstPersonMap:PersistentLevel.StaticMeshActor_45
 |- Actor Package: /Game/FirstPerson/Maps/UEDPIE_1_FirstPersonMap_InstanceOf_/Game/__ExternalActors__/FirstPerson/Maps/FirstPersonMap/0/NB/NWWEVRQSGT6ARVZ8HQLCM9
 |- Actor Path: /Game/FirstPerson/Maps/UEDPIE_1_FirstPersonMap.FirstPersonMap:PersistentLevel.StaticMeshActor_UAID_A4AE111137DC5FFB00_1159438599
 |- Actor Package: /Game/FirstPerson/Maps/UEDPIE_1_FirstPersonMap_InstanceOf_/Game/__ExternalActors__/FirstPerson/Maps/FirstPersonMap/8/N6/7HWHBG6K5ONLNTKPMLXMYR
 |- Actor Path: /Game/FirstPerson/Maps/UEDPIE_1_FirstPersonMap.FirstPersonMap:PersistentLevel.TaskGiverComponent_C_UAID_FC3497E10D811EEC01_1715575655
 |- Actor Package: /Game/FirstPerson/Maps/UEDPIE_1_FirstPersonMap_InstanceOf_/Game/__ExternalActors__/FirstPerson/Maps/FirstPersonMap/8/AT/DESJZQ1LRBQAKYSEOPZN3D
 |- Actor Path: /Game/FirstPerson/Maps/UEDPIE_1_FirstPersonMap.FirstPersonMap:PersistentLevel.VolumetricCloud_0
 |- Actor Package: /Game/FirstPerson/Maps/UEDPIE_1_FirstPersonMap_InstanceOf_/Game/__ExternalActors__/FirstPerson/Maps/FirstPersonMap/0/GO/I8WEFD3RY9V3NVQLSU6QM4
 |- Actor Path: /Game/FirstPerson/Maps/UEDPIE_0_FirstPersonMap.FirstPersonMap:PersistentLevel.WorldDataLayers
 |- Actor Package: /Game/__ExternalActors__/FirstPerson/Maps/FirstPersonMap/D/0W/E1FKEGVKGOLM7HGLQPCIPO
 |- Actor Path: /Game/FirstPerson/Maps/UEDPIE_1_FirstPersonMap.FirstPersonMap:PersistentLevel.WorldDataLayers
 |- Actor Package: /Game/FirstPerson/Maps/UEDPIE_1_FirstPersonMap_InstanceOf_/Game/__ExternalActors__/FirstPerson/Maps/FirstPersonMap/D/0W/E1FKEGVKGOLM7HGLQPCIPO
 |- Actor Path: /Game/FirstPerson/Maps/UEDPIE_1_FirstPersonMap.FirstPersonMap:PersistentLevel.WorldInfo_0
 |- Actor Package: /Game/FirstPerson/Maps/UEDPIE_1_FirstPersonMap
 |- Actor Path: /Game/FirstPerson/Maps/UEDPIE_1_FirstPersonMap.FirstPersonMap:PersistentLevel.WorldPartitionReplay
 |- Actor Package: /Game/FirstPerson/Maps/UEDPIE_1_FirstPersonMap

----------------------------------------------------------------------------------------------------------------
FirstPersonMap - Runtime Spatial Hash - Streaming Grid - MainGrid
----------------------------------------------------------------------------------------------------------------
            Origin: X=0.000 Y=0.000 Z=0.000
         Cell Size: 12800
      World Bounds: IsValid=false, Min=(X=0.000 Y=0.000 Z=0.000), Max=(X=0.000 Y=0.000 Z=0.000)
     Loading Range: 25600.00
Block Slow Loading: No
 ClientOnlyVisible: No
            Origin: X=0.000 Y=0.000 Z=0.000

[+] Grid Levels: 1
 |- Level  0: Cell Count    0 | Cell Size   12800 | Actor Count    0 (0.0%)

[+] Content of Grid Level 0

